<?xml version="1.0" encoding="UTF-8"?>
<testsuites>
  <testsuite name="Project Test Suite" tests="13" assertions="13" errors="0" failures="0" skipped="0" time="15.193700">
    <testsuite name="App\Tests\DepotControllerTest" file="/home/jean/Projet-wari/tests/DepotControllerTest.php" tests="1" assertions="1" errors="0" failures="0" skipped="0" time="1.702492">
      <testcase name="testdepot" class="App\Tests\DepotControllerTest" classname="App.Tests.DepotControllerTest" file="/home/jean/Projet-wari/tests/DepotControllerTest.php" line="9" assertions="1" time="1.702492"/>
    </testsuite>
    <testsuite name="App\Tests\EntrepriseControllerTest" file="/home/jean/Projet-wari/tests/EntrepriseControllerTest.php" tests="1" assertions="1" errors="0" failures="0" skipped="0" time="0.694507">
      <testcase name="testShow" class="App\Tests\EntrepriseControllerTest" classname="App.Tests.EntrepriseControllerTest" file="/home/jean/Projet-wari/tests/EntrepriseControllerTest.php" line="11" assertions="1" time="0.694507"/>
    </testsuite>
    <testsuite name="App\Tests\SecurityControllerTest" file="/home/jean/Projet-wari/tests/SecurityControllerTest.php" tests="11" assertions="11" errors="0" failures="0" skipped="0" time="12.796701">
      <testcase name="testInscriptionUtilisateurok1" class="App\Tests\SecurityControllerTest" classname="App.Tests.SecurityControllerTest" file="/home/jean/Projet-wari/tests/SecurityControllerTest.php" line="9" assertions="1" time="1.280342">
        <system-out>/home/jean/Projet-wari/tests/SecurityControllerTest.php:29:
class Symfony\Component\HttpFoundation\Response#3744 (6) {
  public $headers =&gt;
  class Symfony\Component\HttpFoundation\ResponseHeaderBag#3729 (5) {
    protected $computedCacheControl =&gt;
    array(2) {
      'no-cache' =&gt;
      bool(true)
      'private' =&gt;
      bool(true)
    }
    protected $cookies =&gt;
    array(0) {
    }
    protected $headerNames =&gt;
    array(5) {
      'cache-control' =&gt;
      string(13) "Cache-Control"
      'date' =&gt;
      string(4) "Date"
      'content-type' =&gt;
      string(12) "Content-Type"
      'link' =&gt;
      string(4) "Link"
      'x-robots-tag' =&gt;
      string(12) "X-Robots-Tag"
    }
    protected $headers =&gt;
    array(5) {
      'cache-control' =&gt;
      array(1) {
        ...
      }
      'date' =&gt;
      array(1) {
        ...
      }
      'content-type' =&gt;
      array(1) {
        ...
      }
      'link' =&gt;
      array(1) {
        ...
      }
      'x-robots-tag' =&gt;
      array(1) {
        ...
      }
    }
    protected $cacheControl =&gt;
    array(0) {
    }
  }
  protected $content =&gt;
  string(15) "{"status":"ok"}"
  protected $version =&gt;
  string(3) "1.1"
  protected $statusCode =&gt;
  int(201)
  protected $statusText =&gt;
  string(7) "Created"
  protected $charset =&gt;
  string(5) "UTF-8"
}
</system-out>
      </testcase>
      <testcase name="testInscriptionUtilisateurok2" class="App\Tests\SecurityControllerTest" classname="App.Tests.SecurityControllerTest" file="/home/jean/Projet-wari/tests/SecurityControllerTest.php" line="33" assertions="1" time="1.214823">
        <system-out>/home/jean/Projet-wari/tests/SecurityControllerTest.php:53:
class Symfony\Component\HttpFoundation\Response#4463 (6) {
  public $headers =&gt;
  class Symfony\Component\HttpFoundation\ResponseHeaderBag#4462 (5) {
    protected $computedCacheControl =&gt;
    array(2) {
      'no-cache' =&gt;
      bool(true)
      'private' =&gt;
      bool(true)
    }
    protected $cookies =&gt;
    array(0) {
    }
    protected $headerNames =&gt;
    array(5) {
      'cache-control' =&gt;
      string(13) "Cache-Control"
      'date' =&gt;
      string(4) "Date"
      'content-type' =&gt;
      string(12) "Content-Type"
      'link' =&gt;
      string(4) "Link"
      'x-robots-tag' =&gt;
      string(12) "X-Robots-Tag"
    }
    protected $headers =&gt;
    array(5) {
      'cache-control' =&gt;
      array(1) {
        ...
      }
      'date' =&gt;
      array(1) {
        ...
      }
      'content-type' =&gt;
      array(1) {
        ...
      }
      'link' =&gt;
      array(1) {
        ...
      }
      'x-robots-tag' =&gt;
      array(1) {
        ...
      }
    }
    protected $cacheControl =&gt;
    array(0) {
    }
  }
  protected $content =&gt;
  string(15) "{"status":"ok"}"
  protected $version =&gt;
  string(3) "1.1"
  protected $statusCode =&gt;
  int(201)
  protected $statusText =&gt;
  string(7) "Created"
  protected $charset =&gt;
  string(5) "UTF-8"
}
</system-out>
      </testcase>
      <testcase name="testInscriptionUtilisateurok3" class="App\Tests\SecurityControllerTest" classname="App.Tests.SecurityControllerTest" file="/home/jean/Projet-wari/tests/SecurityControllerTest.php" line="56" assertions="1" time="1.213905">
        <system-out>/home/jean/Projet-wari/tests/SecurityControllerTest.php:77:
class Symfony\Component\HttpFoundation\Response#758 (6) {
  public $headers =&gt;
  class Symfony\Component\HttpFoundation\ResponseHeaderBag#754 (5) {
    protected $computedCacheControl =&gt;
    array(2) {
      'no-cache' =&gt;
      bool(true)
      'private' =&gt;
      bool(true)
    }
    protected $cookies =&gt;
    array(0) {
    }
    protected $headerNames =&gt;
    array(5) {
      'cache-control' =&gt;
      string(13) "Cache-Control"
      'date' =&gt;
      string(4) "Date"
      'content-type' =&gt;
      string(12) "Content-Type"
      'link' =&gt;
      string(4) "Link"
      'x-robots-tag' =&gt;
      string(12) "X-Robots-Tag"
    }
    protected $headers =&gt;
    array(5) {
      'cache-control' =&gt;
      array(1) {
        ...
      }
      'date' =&gt;
      array(1) {
        ...
      }
      'content-type' =&gt;
      array(1) {
        ...
      }
      'link' =&gt;
      array(1) {
        ...
      }
      'x-robots-tag' =&gt;
      array(1) {
        ...
      }
    }
    protected $cacheControl =&gt;
    array(0) {
    }
  }
  protected $content =&gt;
  string(15) "{"status":"ok"}"
  protected $version =&gt;
  string(3) "1.1"
  protected $statusCode =&gt;
  int(201)
  protected $statusText =&gt;
  string(7) "Created"
  protected $charset =&gt;
  string(5) "UTF-8"
}
</system-out>
      </testcase>
      <testcase name="testInscriptionUtilisateurok4" class="App\Tests\SecurityControllerTest" classname="App.Tests.SecurityControllerTest" file="/home/jean/Projet-wari/tests/SecurityControllerTest.php" line="80" assertions="1" time="1.219332">
        <system-out>/home/jean/Projet-wari/tests/SecurityControllerTest.php:101:
class Symfony\Component\HttpFoundation\Response#4508 (6) {
  public $headers =&gt;
  class Symfony\Component\HttpFoundation\ResponseHeaderBag#4511 (5) {
    protected $computedCacheControl =&gt;
    array(2) {
      'no-cache' =&gt;
      bool(true)
      'private' =&gt;
      bool(true)
    }
    protected $cookies =&gt;
    array(0) {
    }
    protected $headerNames =&gt;
    array(5) {
      'cache-control' =&gt;
      string(13) "Cache-Control"
      'date' =&gt;
      string(4) "Date"
      'content-type' =&gt;
      string(12) "Content-Type"
      'link' =&gt;
      string(4) "Link"
      'x-robots-tag' =&gt;
      string(12) "X-Robots-Tag"
    }
    protected $headers =&gt;
    array(5) {
      'cache-control' =&gt;
      array(1) {
        ...
      }
      'date' =&gt;
      array(1) {
        ...
      }
      'content-type' =&gt;
      array(1) {
        ...
      }
      'link' =&gt;
      array(1) {
        ...
      }
      'x-robots-tag' =&gt;
      array(1) {
        ...
      }
    }
    protected $cacheControl =&gt;
    array(0) {
    }
  }
  protected $content =&gt;
  string(15) "{"status":"ok"}"
  protected $version =&gt;
  string(3) "1.1"
  protected $statusCode =&gt;
  int(201)
  protected $statusText =&gt;
  string(7) "Created"
  protected $charset =&gt;
  string(5) "UTF-8"
}
</system-out>
      </testcase>
      <testcase name="testInscriptionUtilisateurok5" class="App\Tests\SecurityControllerTest" classname="App.Tests.SecurityControllerTest" file="/home/jean/Projet-wari/tests/SecurityControllerTest.php" line="104" assertions="1" time="1.519166">
        <system-out>/home/jean/Projet-wari/tests/SecurityControllerTest.php:125:
class Symfony\Component\HttpFoundation\Response#3783 (6) {
  public $headers =&gt;
  class Symfony\Component\HttpFoundation\ResponseHeaderBag#3785 (5) {
    protected $computedCacheControl =&gt;
    array(2) {
      'no-cache' =&gt;
      bool(true)
      'private' =&gt;
      bool(true)
    }
    protected $cookies =&gt;
    array(0) {
    }
    protected $headerNames =&gt;
    array(5) {
      'cache-control' =&gt;
      string(13) "Cache-Control"
      'date' =&gt;
      string(4) "Date"
      'content-type' =&gt;
      string(12) "Content-Type"
      'link' =&gt;
      string(4) "Link"
      'x-robots-tag' =&gt;
      string(12) "X-Robots-Tag"
    }
    protected $headers =&gt;
    array(5) {
      'cache-control' =&gt;
      array(1) {
        ...
      }
      'date' =&gt;
      array(1) {
        ...
      }
      'content-type' =&gt;
      array(1) {
        ...
      }
      'link' =&gt;
      array(1) {
        ...
      }
      'x-robots-tag' =&gt;
      array(1) {
        ...
      }
    }
    protected $cacheControl =&gt;
    array(0) {
    }
  }
  protected $content =&gt;
  string(15) "{"status":"ok"}"
  protected $version =&gt;
  string(3) "1.1"
  protected $statusCode =&gt;
  int(201)
  protected $statusText =&gt;
  string(7) "Created"
  protected $charset =&gt;
  string(5) "UTF-8"
}
</system-out>
      </testcase>
      <testcase name="testInscriptionUtilisateurk01" class="App\Tests\SecurityControllerTest" classname="App.Tests.SecurityControllerTest" file="/home/jean/Projet-wari/tests/SecurityControllerTest.php" line="128" assertions="1" time="1.108535">
        <system-out>/home/jean/Projet-wari/tests/SecurityControllerTest.php:149:
class Symfony\Component\HttpFoundation\Response#9222 (6) {
  public $headers =&gt;
  class Symfony\Component\HttpFoundation\ResponseHeaderBag#9211 (5) {
    protected $computedCacheControl =&gt;
    array(2) {
      'no-cache' =&gt;
      bool(true)
      'private' =&gt;
      bool(true)
    }
    protected $cookies =&gt;
    array(0) {
    }
    protected $headerNames =&gt;
    array(5) {
      'cache-control' =&gt;
      string(13) "Cache-Control"
      'date' =&gt;
      string(4) "Date"
      'content-type' =&gt;
      string(12) "Content-Type"
      'link' =&gt;
      string(4) "Link"
      'x-robots-tag' =&gt;
      string(12) "X-Robots-Tag"
    }
    protected $headers =&gt;
    array(5) {
      'cache-control' =&gt;
      array(1) {
        ...
      }
      'date' =&gt;
      array(1) {
        ...
      }
      'content-type' =&gt;
      array(1) {
        ...
      }
      'link' =&gt;
      array(1) {
        ...
      }
      'x-robots-tag' =&gt;
      array(1) {
        ...
      }
    }
    protected $cacheControl =&gt;
    array(0) {
    }
  }
  protected $content =&gt;
  string(84) "{"impossible":"Votre profil ne vous permet pas de cr\u00e9er ce type d'utilisateur"}"
  protected $version =&gt;
  string(3) "1.1"
  protected $statusCode =&gt;
  int(409)
  protected $statusText =&gt;
  string(8) "Conflict"
  protected $charset =&gt;
  string(5) "UTF-8"
}
</system-out>
      </testcase>
      <testcase name="testInscriptionUtilisateurk02" class="App\Tests\SecurityControllerTest" classname="App.Tests.SecurityControllerTest" file="/home/jean/Projet-wari/tests/SecurityControllerTest.php" line="152" assertions="1" time="0.892698">
        <system-out>/home/jean/Projet-wari/tests/SecurityControllerTest.php:173:
class Symfony\Component\HttpFoundation\Response#288 (6) {
  public $headers =&gt;
  class Symfony\Component\HttpFoundation\ResponseHeaderBag#5736 (5) {
    protected $computedCacheControl =&gt;
    array(2) {
      'no-cache' =&gt;
      bool(true)
      'private' =&gt;
      bool(true)
    }
    protected $cookies =&gt;
    array(0) {
    }
    protected $headerNames =&gt;
    array(5) {
      'cache-control' =&gt;
      string(13) "Cache-Control"
      'date' =&gt;
      string(4) "Date"
      'content-type' =&gt;
      string(12) "Content-Type"
      'link' =&gt;
      string(4) "Link"
      'x-robots-tag' =&gt;
      string(12) "X-Robots-Tag"
    }
    protected $headers =&gt;
    array(5) {
      'cache-control' =&gt;
      array(1) {
        ...
      }
      'date' =&gt;
      array(1) {
        ...
      }
      'content-type' =&gt;
      array(1) {
        ...
      }
      'link' =&gt;
      array(1) {
        ...
      }
      'x-robots-tag' =&gt;
      array(1) {
        ...
      }
    }
    protected $cacheControl =&gt;
    array(0) {
    }
  }
  protected $content =&gt;
  string(193) "{"form":{"children":{"username":{},"password":{},"confirmPassword":{},"Nom":{},"Email":{},"Telephone":{"errors":["This value is not valid."]},"Nci":{},"Entreprise":{},"Profil":{}}},"errors":[]}"
  protected $version =&gt;
  string(3) "1.1"
  protected $statusCode =&gt;
  int(200)
  protected $statusText =&gt;
  string(2) "OK"
  protected $charset =&gt;
  string(5) "UTF-8"
}
</system-out>
      </testcase>
      <testcase name="testInscriptionUtilisateurk03" class="App\Tests\SecurityControllerTest" classname="App.Tests.SecurityControllerTest" file="/home/jean/Projet-wari/tests/SecurityControllerTest.php" line="176" assertions="1" time="1.107799">
        <system-out>/home/jean/Projet-wari/tests/SecurityControllerTest.php:197:
class Symfony\Component\HttpFoundation\Response#201 (6) {
  public $headers =&gt;
  class Symfony\Component\HttpFoundation\ResponseHeaderBag#200 (5) {
    protected $computedCacheControl =&gt;
    array(2) {
      'no-cache' =&gt;
      bool(true)
      'private' =&gt;
      bool(true)
    }
    protected $cookies =&gt;
    array(0) {
    }
    protected $headerNames =&gt;
    array(5) {
      'cache-control' =&gt;
      string(13) "Cache-Control"
      'date' =&gt;
      string(4) "Date"
      'content-type' =&gt;
      string(12) "Content-Type"
      'link' =&gt;
      string(4) "Link"
      'x-robots-tag' =&gt;
      string(12) "X-Robots-Tag"
    }
    protected $headers =&gt;
    array(5) {
      'cache-control' =&gt;
      array(1) {
        ...
      }
      'date' =&gt;
      array(1) {
        ...
      }
      'content-type' =&gt;
      array(1) {
        ...
      }
      'link' =&gt;
      array(1) {
        ...
      }
      'x-robots-tag' =&gt;
      array(1) {
        ...
      }
    }
    protected $cacheControl =&gt;
    array(0) {
    }
  }
  protected $content =&gt;
  string(84) "{"impossible":"Votre profil ne vous permet pas de cr\u00e9er ce type d'utilisateur"}"
  protected $version =&gt;
  string(3) "1.1"
  protected $statusCode =&gt;
  int(409)
  protected $statusText =&gt;
  string(8) "Conflict"
  protected $charset =&gt;
  string(5) "UTF-8"
}
</system-out>
      </testcase>
      <testcase name="testInscriptionUtilisateurk04" class="App\Tests\SecurityControllerTest" classname="App.Tests.SecurityControllerTest" file="/home/jean/Projet-wari/tests/SecurityControllerTest.php" line="200" assertions="1" time="1.081044">
        <system-out>/home/jean/Projet-wari/tests/SecurityControllerTest.php:221:
class Symfony\Component\HttpFoundation\Response#2966 (6) {
  public $headers =&gt;
  class Symfony\Component\HttpFoundation\ResponseHeaderBag#3201 (5) {
    protected $computedCacheControl =&gt;
    array(2) {
      'no-cache' =&gt;
      bool(true)
      'private' =&gt;
      bool(true)
    }
    protected $cookies =&gt;
    array(0) {
    }
    protected $headerNames =&gt;
    array(5) {
      'cache-control' =&gt;
      string(13) "Cache-Control"
      'date' =&gt;
      string(4) "Date"
      'content-type' =&gt;
      string(12) "Content-Type"
      'link' =&gt;
      string(4) "Link"
      'x-robots-tag' =&gt;
      string(12) "X-Robots-Tag"
    }
    protected $headers =&gt;
    array(5) {
      'cache-control' =&gt;
      array(1) {
        ...
      }
      'date' =&gt;
      array(1) {
        ...
      }
      'content-type' =&gt;
      array(1) {
        ...
      }
      'link' =&gt;
      array(1) {
        ...
      }
      'x-robots-tag' =&gt;
      array(1) {
        ...
      }
    }
    protected $cacheControl =&gt;
    array(0) {
    }
  }
  protected $content =&gt;
  string(84) "{"impossible":"Votre profil ne vous permet pas de cr\u00e9er ce type d'utilisateur"}"
  protected $version =&gt;
  string(3) "1.1"
  protected $statusCode =&gt;
  int(409)
  protected $statusText =&gt;
  string(8) "Conflict"
  protected $charset =&gt;
  string(5) "UTF-8"
}
</system-out>
      </testcase>
      <testcase name="testInscriptionUtilisateurk05" class="App\Tests\SecurityControllerTest" classname="App.Tests.SecurityControllerTest" file="/home/jean/Projet-wari/tests/SecurityControllerTest.php" line="224" assertions="1" time="1.074644">
        <system-out>/home/jean/Projet-wari/tests/SecurityControllerTest.php:245:
class Symfony\Component\HttpFoundation\Response#4368 (6) {
  public $headers =&gt;
  class Symfony\Component\HttpFoundation\ResponseHeaderBag#2274 (5) {
    protected $computedCacheControl =&gt;
    array(2) {
      'no-cache' =&gt;
      bool(true)
      'private' =&gt;
      bool(true)
    }
    protected $cookies =&gt;
    array(0) {
    }
    protected $headerNames =&gt;
    array(5) {
      'cache-control' =&gt;
      string(13) "Cache-Control"
      'date' =&gt;
      string(4) "Date"
      'content-type' =&gt;
      string(12) "Content-Type"
      'link' =&gt;
      string(4) "Link"
      'x-robots-tag' =&gt;
      string(12) "X-Robots-Tag"
    }
    protected $headers =&gt;
    array(5) {
      'cache-control' =&gt;
      array(1) {
        ...
      }
      'date' =&gt;
      array(1) {
        ...
      }
      'content-type' =&gt;
      array(1) {
        ...
      }
      'link' =&gt;
      array(1) {
        ...
      }
      'x-robots-tag' =&gt;
      array(1) {
        ...
      }
    }
    protected $cacheControl =&gt;
    array(0) {
    }
  }
  protected $content =&gt;
  string(84) "{"impossible":"Votre profil ne vous permet pas de cr\u00e9er ce type d'utilisateur"}"
  protected $version =&gt;
  string(3) "1.1"
  protected $statusCode =&gt;
  int(409)
  protected $statusText =&gt;
  string(8) "Conflict"
  protected $charset =&gt;
  string(5) "UTF-8"
}
</system-out>
      </testcase>
      <testcase name="testInscriptionUtilisateurk06" class="App\Tests\SecurityControllerTest" classname="App.Tests.SecurityControllerTest" file="/home/jean/Projet-wari/tests/SecurityControllerTest.php" line="248" assertions="1" time="1.084413">
        <system-out>/home/jean/Projet-wari/tests/SecurityControllerTest.php:269:
class Symfony\Component\HttpFoundation\Response#3855 (6) {
  public $headers =&gt;
  class Symfony\Component\HttpFoundation\ResponseHeaderBag#3858 (5) {
    protected $computedCacheControl =&gt;
    array(2) {
      'no-cache' =&gt;
      bool(true)
      'private' =&gt;
      bool(true)
    }
    protected $cookies =&gt;
    array(0) {
    }
    protected $headerNames =&gt;
    array(5) {
      'cache-control' =&gt;
      string(13) "Cache-Control"
      'date' =&gt;
      string(4) "Date"
      'content-type' =&gt;
      string(12) "Content-Type"
      'link' =&gt;
      string(4) "Link"
      'x-robots-tag' =&gt;
      string(12) "X-Robots-Tag"
    }
    protected $headers =&gt;
    array(5) {
      'cache-control' =&gt;
      array(1) {
        ...
      }
      'date' =&gt;
      array(1) {
        ...
      }
      'content-type' =&gt;
      array(1) {
        ...
      }
      'link' =&gt;
      array(1) {
        ...
      }
      'x-robots-tag' =&gt;
      array(1) {
        ...
      }
    }
    protected $cacheControl =&gt;
    array(0) {
    }
  }
  protected $content =&gt;
  string(84) "{"impossible":"Votre profil ne vous permet pas de cr\u00e9er ce type d'utilisateur"}"
  protected $version =&gt;
  string(3) "1.1"
  protected $statusCode =&gt;
  int(409)
  protected $statusText =&gt;
  string(8) "Conflict"
  protected $charset =&gt;
  string(5) "UTF-8"
}
</system-out>
      </testcase>
    </testsuite>
  </testsuite>
</testsuites>
